"C:/Users/bakud/Documents/Unreal Projects/GamejamAcademia/Content/OneGameMonth/Texturas/temp/mani-idle-run.uasset" 0
"C:/Users/bakud/Documents/Unreal Projects/GamejamAcademia/Content/OneGameMonth/Texturas/temp/mani-idle-run.uexp" 1
"C:/Users/bakud/Documents/Unreal Projects/GamejamAcademia/Content/OneGameMonth/Texturas/temp/mani-idle-run_Sprite_6.uasset" 2
"C:/Users/bakud/Documents/Unreal Projects/GamejamAcademia/Content/OneGameMonth/Texturas/temp/mani-idle-run_Sprite_6.uexp" 3
"C:/Users/bakud/Documents/Unreal Projects/GamejamAcademia/Content/OneGameMonth/Texturas/temp/mani-idle-run_Sprite_5.uasset" 4
"C:/Users/bakud/Documents/Unreal Projects/GamejamAcademia/Content/OneGameMonth/Texturas/temp/mani-idle-run_Sprite_5.uexp" 5
"C:/Users/bakud/Documents/Unreal Projects/GamejamAcademia/Content/OneGameMonth/Texturas/temp/mani-idle-run_Sprite_4.uasset" 6
"C:/Users/bakud/Documents/Unreal Projects/GamejamAcademia/Content/OneGameMonth/Texturas/temp/mani-idle-run_Sprite_4.uexp" 7
"C:/Users/bakud/Documents/Unreal Projects/GamejamAcademia/Content/OneGameMonth/Texturas/temp/mani-idle-run_Sprite_3.uasset" 8
"C:/Users/bakud/Documents/Unreal Projects/GamejamAcademia/Content/OneGameMonth/Texturas/temp/mani-idle-run_Sprite_3.uexp" 9
"C:/Users/bakud/Documents/Unreal Projects/GamejamAcademia/Content/OneGameMonth/Texturas/temp/mani-idle-run_Sprite_2.uasset" 10
"C:/Users/bakud/Documents/Unreal Projects/GamejamAcademia/Content/OneGameMonth/Texturas/temp/mani-idle-run_Sprite_2.uexp" 11
"C:/Users/bakud/Documents/Unreal Projects/GamejamAcademia/Content/OneGameMonth/Texturas/temp/mani-idle-run_Sprite_1.uasset" 12
"C:/Users/bakud/Documents/Unreal Projects/GamejamAcademia/Content/OneGameMonth/Texturas/temp/mani-idle-run_Sprite_1.uexp" 13
"C:/Users/bakud/Documents/Unreal Projects/GamejamAcademia/Content/OneGameMonth/Texturas/temp/player_run.uasset" 14
"C:/Users/bakud/Documents/Unreal Projects/GamejamAcademia/Content/OneGameMonth/Texturas/temp/player_run.uexp" 15
"C:/Users/bakud/Documents/Unreal Projects/GamejamAcademia/Content/OneGameMonth/Texturas/temp/mani-idle-run_Sprite_0.uasset" 16
"C:/Users/bakud/Documents/Unreal Projects/GamejamAcademia/Content/OneGameMonth/Texturas/temp/mani-idle-run_Sprite_0.uexp" 17
"C:/Users/bakud/Documents/Unreal Projects/GamejamAcademia/Content/OneGameMonth/Texturas/temp/player_idle.uasset" 18
"C:/Users/bakud/Documents/Unreal Projects/GamejamAcademia/Content/OneGameMonth/Texturas/temp/player_idle.uexp" 19
"C:/Users/bakud/Documents/Unreal Projects/GamejamAcademia/Content/OneGameMonth/Texturas/temp/Itens/boomerang.uasset" 20
"C:/Users/bakud/Documents/Unreal Projects/GamejamAcademia/Content/OneGameMonth/Texturas/temp/Itens/boomerang.uexp" 21
"C:/Users/bakud/Documents/Unreal Projects/GamejamAcademia/Content/OneGameMonth/Texturas/temp/Itens/boomerang_Sprite.uasset" 22
"C:/Users/bakud/Documents/Unreal Projects/GamejamAcademia/Content/OneGameMonth/Texturas/temp/Itens/boomerang_Sprite.uexp" 23
"C:/Users/bakud/Documents/Unreal Projects/GamejamAcademia/Content/OneGameMonth/Texturas/temp/Itens/chave_isolada.uasset" 24
"C:/Users/bakud/Documents/Unreal Projects/GamejamAcademia/Content/OneGameMonth/Texturas/temp/Itens/chave_isolada.uexp" 25
"C:/Users/bakud/Documents/Unreal Projects/GamejamAcademia/Content/OneGameMonth/Texturas/temp/Itens/chave_isolada_Sprite.uasset" 26
"C:/Users/bakud/Documents/Unreal Projects/GamejamAcademia/Content/OneGameMonth/Texturas/temp/Itens/chave_isolada_Sprite.uexp" 27
"C:/Users/bakud/Documents/Unreal Projects/GamejamAcademia/Content/OneGameMonth/Texturas/temp/coracao-corrente.uasset" 28
"C:/Users/bakud/Documents/Unreal Projects/GamejamAcademia/Content/OneGameMonth/Texturas/temp/coracao-corrente.uexp" 29
"C:/Users/bakud/Documents/Unreal Projects/GamejamAcademia/Content/OneGameMonth/Texturas/temp/coracao-corrente_Sprite.uasset" 30
"C:/Users/bakud/Documents/Unreal Projects/GamejamAcademia/Content/OneGameMonth/Texturas/temp/coracao-corrente_Sprite.uexp" 31
"C:/Users/bakud/Documents/Unreal Projects/GamejamAcademia/Content/OneGameMonth/Blueprints/Actors/BP_CoracaoFechadura.uasset" 32
"C:/Users/bakud/Documents/Unreal Projects/GamejamAcademia/Content/OneGameMonth/Blueprints/Actors/BP_CoracaoFechadura.uexp" 33
"C:/Users/bakud/Documents/Unreal Projects/GamejamAcademia/Content/OneGameMonth/Blueprints/Infertafaces/BPI_Interaction.uasset" 34
"C:/Users/bakud/Documents/Unreal Projects/GamejamAcademia/Content/OneGameMonth/Blueprints/Infertafaces/BPI_Interaction.uexp" 35
"C:/Users/bakud/Documents/Unreal Projects/GamejamAcademia/Content/OneGameMonth/Blueprints/Actors/BP_Chave.uasset" 36
"C:/Users/bakud/Documents/Unreal Projects/GamejamAcademia/Content/OneGameMonth/Blueprints/Actors/BP_Chave.uexp" 37
"C:/Users/bakud/Documents/Unreal Projects/GamejamAcademia/Content/OneGameMonth/Blueprints/Personagem/BP_Boomerang.uasset" 38
"C:/Users/bakud/Documents/Unreal Projects/GamejamAcademia/Content/OneGameMonth/Blueprints/Personagem/BP_Boomerang.uexp" 39
"C:/Users/bakud/Documents/Unreal Projects/GamejamAcademia/Content/OneGameMonth/Models/Closet/closet_test_PhysicsAsset.uasset" 40
"C:/Users/bakud/Documents/Unreal Projects/GamejamAcademia/Content/OneGameMonth/Models/Closet/closet_test_PhysicsAsset.uexp" 41
"C:/Users/bakud/Documents/Unreal Projects/GamejamAcademia/Content/OneGameMonth/Models/Closet/Cube.uasset" 42
"C:/Users/bakud/Documents/Unreal Projects/GamejamAcademia/Content/OneGameMonth/Models/Closet/Cube.uexp" 43
"C:/Users/bakud/Documents/Unreal Projects/GamejamAcademia/Content/OneGameMonth/Models/Closet/Cube.ubulk" 44
"C:/Users/bakud/Documents/Unreal Projects/GamejamAcademia/Content/OneGameMonth/Models/Closet/pixelcloset.uasset" 45
"C:/Users/bakud/Documents/Unreal Projects/GamejamAcademia/Content/OneGameMonth/Models/Closet/pixelcloset.uexp" 46
"C:/Users/bakud/Documents/Unreal Projects/GamejamAcademia/Content/OneGameMonth/Models/Closet/closet_test_Skeleton.uasset" 47
"C:/Users/bakud/Documents/Unreal Projects/GamejamAcademia/Content/OneGameMonth/Models/Closet/closet_test_Skeleton.uexp" 48
"C:/Users/bakud/Documents/Unreal Projects/GamejamAcademia/Content/OneGameMonth/Models/Closet/closet_test.uasset" 49
"C:/Users/bakud/Documents/Unreal Projects/GamejamAcademia/Content/OneGameMonth/Models/Closet/closet_test.uexp" 50
"C:/Users/bakud/Documents/Unreal Projects/GamejamAcademia/Content/OneGameMonth/Blueprints/Personagem/BP_PlayerController.uasset" 51
"C:/Users/bakud/Documents/Unreal Projects/GamejamAcademia/Content/OneGameMonth/Blueprints/Personagem/BP_PlayerController.uexp" 52
"C:/Users/bakud/Documents/Unreal Projects/GamejamAcademia/Content/OneGameMonth/Blueprints/Frameworks/GM_GameCore.uasset" 53
"C:/Users/bakud/Documents/Unreal Projects/GamejamAcademia/Content/OneGameMonth/Blueprints/Frameworks/GM_GameCore.uexp" 54
"../../../Engine/Content/Animation/DefaultAnimCurveCompressionSettings.uasset" 55
"../../../Engine/Content/Animation/DefaultAnimCurveCompressionSettings.uexp" 56
"../../../Engine/Content/Animation/DefaultRecorderBoneCompression.uasset" 57
"../../../Engine/Content/Animation/DefaultRecorderBoneCompression.uexp" 58
"C:/Users/bakud/Documents/Unreal Projects/GamejamAcademia/Content/OneGameMonth/Models/Closet/Open.uasset" 59
"C:/Users/bakud/Documents/Unreal Projects/GamejamAcademia/Content/OneGameMonth/Models/Closet/Open.uexp" 60
"C:/Users/bakud/Documents/Unreal Projects/GamejamAcademia/Content/OneGameMonth/Models/Closet/Close.uasset" 61
"C:/Users/bakud/Documents/Unreal Projects/GamejamAcademia/Content/OneGameMonth/Models/Closet/Close.uexp" 62
"C:/Users/bakud/Documents/Unreal Projects/GamejamAcademia/Content/OneGameMonth/Blueprints/Actors/BP_Guardaroupa.uasset" 63
"C:/Users/bakud/Documents/Unreal Projects/GamejamAcademia/Content/OneGameMonth/Blueprints/Actors/BP_Guardaroupa.uexp" 64
"C:/Users/bakud/Documents/Unreal Projects/GamejamAcademia/Content/OneGameMonth/Blueprints/Personagem/BP_Jogador.uasset" 65
"C:/Users/bakud/Documents/Unreal Projects/GamejamAcademia/Content/OneGameMonth/Blueprints/Personagem/BP_Jogador.uexp" 66
"C:/Users/bakud/Documents/Unreal Projects/GamejamAcademia/Content/OneGameMonth/Models/Bed/M_Ber_Cobertor.uasset" 67
"C:/Users/bakud/Documents/Unreal Projects/GamejamAcademia/Content/OneGameMonth/Models/Bed/M_Ber_Cobertor.uexp" 68
"C:/Users/bakud/Documents/Unreal Projects/GamejamAcademia/Content/OneGameMonth/Models/Bed/M_Ber_Cobertor_Inst.uasset" 69
"C:/Users/bakud/Documents/Unreal Projects/GamejamAcademia/Content/OneGameMonth/Models/Bed/M_Ber_Cobertor_Inst.uexp" 70
"C:/Users/bakud/Documents/Unreal Projects/GamejamAcademia/Content/OneGameMonth/Models/Bed/M_Bed_Ferro.uasset" 71
"C:/Users/bakud/Documents/Unreal Projects/GamejamAcademia/Content/OneGameMonth/Models/Bed/M_Bed_Ferro.uexp" 72
"C:/Users/bakud/Documents/Unreal Projects/GamejamAcademia/Content/OneGameMonth/Models/Bed/Bed.uasset" 73
"C:/Users/bakud/Documents/Unreal Projects/GamejamAcademia/Content/OneGameMonth/Models/Bed/Bed.uexp" 74
"C:/Users/bakud/Documents/Unreal Projects/GamejamAcademia/Content/OneGameMonth/Blueprints/Actors/BP_CamaTrampolim.uasset" 75
"C:/Users/bakud/Documents/Unreal Projects/GamejamAcademia/Content/OneGameMonth/Blueprints/Actors/BP_CamaTrampolim.uexp" 76
"C:/Users/bakud/Documents/Unreal Projects/GamejamAcademia/Content/OneGameMonth/Texturas/temp/shadow-arm.uasset" 77
"C:/Users/bakud/Documents/Unreal Projects/GamejamAcademia/Content/OneGameMonth/Texturas/temp/shadow-arm.uexp" 78
"C:/Users/bakud/Documents/Unreal Projects/GamejamAcademia/Content/OneGameMonth/Texturas/temp/shadow-arm_Mat.uasset" 79
"C:/Users/bakud/Documents/Unreal Projects/GamejamAcademia/Content/OneGameMonth/Texturas/temp/shadow-arm_Mat.uexp" 80
"C:/Users/bakud/Documents/Unreal Projects/GamejamAcademia/Content/OneGameMonth/Models/shadow.uasset" 81
"C:/Users/bakud/Documents/Unreal Projects/GamejamAcademia/Content/OneGameMonth/Models/shadow.uexp" 82
"C:/Users/bakud/Documents/Unreal Projects/GamejamAcademia/Content/OneGameMonth/Texturas/temp/shadow-hand.uasset" 83
"C:/Users/bakud/Documents/Unreal Projects/GamejamAcademia/Content/OneGameMonth/Texturas/temp/shadow-hand.uexp" 84
"C:/Users/bakud/Documents/Unreal Projects/GamejamAcademia/Content/OneGameMonth/Texturas/temp/shadow-hand_Mat.uasset" 85
"C:/Users/bakud/Documents/Unreal Projects/GamejamAcademia/Content/OneGameMonth/Texturas/temp/shadow-hand_Mat.uexp" 86
"C:/Users/bakud/Documents/Unreal Projects/GamejamAcademia/Content/OneGameMonth/Blueprints/Actors/BP_Inimigo.uasset" 87
"C:/Users/bakud/Documents/Unreal Projects/GamejamAcademia/Content/OneGameMonth/Blueprints/Actors/BP_Inimigo.uexp" 88
"C:/Users/bakud/Documents/Unreal Projects/GamejamAcademia/Content/OneGameMonth/Blueprints/Actors/BP_Inimigo_shadow.uasset" 89
"C:/Users/bakud/Documents/Unreal Projects/GamejamAcademia/Content/OneGameMonth/Blueprints/Actors/BP_Inimigo_shadow.uexp" 90
"../../../Engine/Content/EngineMaterials/T_Default_Material_Grid_N.uasset" 91
"../../../Engine/Content/EngineMaterials/T_Default_Material_Grid_N.uexp" 92
"../../../Engine/Content/EngineMaterials/T_Default_Material_Grid_N.ubulk" 93
"../../../Engine/Content/EngineMaterials/T_Default_Material_Grid_M.uasset" 94
"../../../Engine/Content/EngineMaterials/T_Default_Material_Grid_M.uexp" 95
"../../../Engine/Content/EngineMaterials/T_Default_Material_Grid_M.ubulk" 96
"../../../Engine/Content/Functions/Engine_MaterialFunctions01/Opacity/CameraDepthFade.uasset" 97
"../../../Engine/Content/Functions/Engine_MaterialFunctions01/Opacity/CameraDepthFade.uexp" 98
"../../../Engine/Content/EngineMaterials/WorldGridMaterial.uasset" 99
"../../../Engine/Content/EngineMaterials/WorldGridMaterial.uexp" 100
"../../../Engine/Content/BasicShapes/Plane.uasset" 101
"../../../Engine/Content/BasicShapes/Plane.uexp" 102
"C:/Users/bakud/Documents/Unreal Projects/GamejamAcademia/Content/OneGameMonth/Materials/M_Lava.uasset" 103
"C:/Users/bakud/Documents/Unreal Projects/GamejamAcademia/Content/OneGameMonth/Materials/M_Lava.uexp" 104
"C:/Users/bakud/Documents/Unreal Projects/GamejamAcademia/Content/OneGameMonth/Materials/M_Lava_Inst.uasset" 105
"C:/Users/bakud/Documents/Unreal Projects/GamejamAcademia/Content/OneGameMonth/Materials/M_Lava_Inst.uexp" 106
"C:/Users/bakud/Documents/Unreal Projects/GamejamAcademia/Content/OneGameMonth/Blueprints/Actors/BP_Lava.uasset" 107
"C:/Users/bakud/Documents/Unreal Projects/GamejamAcademia/Content/OneGameMonth/Blueprints/Actors/BP_Lava.uexp" 108
"C:/Users/bakud/Documents/Unreal Projects/GamejamAcademia/Content/OneGameMonth/Blueprints/Enums/EAIStates.uasset" 109
"C:/Users/bakud/Documents/Unreal Projects/GamejamAcademia/Content/OneGameMonth/Blueprints/Enums/EAIStates.uexp" 110
"C:/Users/bakud/Documents/Unreal Projects/GamejamAcademia/Content/OneGameMonth/Blueprints/Enums/ECartas.uasset" 111
"C:/Users/bakud/Documents/Unreal Projects/GamejamAcademia/Content/OneGameMonth/Blueprints/Enums/ECartas.uexp" 112
"C:/Users/bakud/Documents/Unreal Projects/GamejamAcademia/Content/OneGameMonth/Levels/L_SafeRoom_BuiltData.uasset" 113
"C:/Users/bakud/Documents/Unreal Projects/GamejamAcademia/Content/OneGameMonth/Levels/L_SafeRoom_BuiltData.uexp" 114
"C:/Users/bakud/Documents/Unreal Projects/GamejamAcademia/Content/OneGameMonth/Levels/L_SafeRoom_BuiltData.ubulk" 115
"C:/Users/bakud/Documents/Unreal Projects/GamejamAcademia/Content/OneGameMonth/Models/Closet/ANIM_Opendoors.uasset" 116
"C:/Users/bakud/Documents/Unreal Projects/GamejamAcademia/Content/OneGameMonth/Models/Closet/ANIM_Opendoors.uexp" 117
"../../../Engine/Content/Animation/DefaultAnimBoneCompressionSettings.uasset" 118
"../../../Engine/Content/Animation/DefaultAnimBoneCompressionSettings.uexp" 119
"C:/Users/bakud/Documents/Unreal Projects/GamejamAcademia/Content/OneGameMonth/Models/Closet/closet_test_Anim_portaL_portaL_open.uasset" 120
"C:/Users/bakud/Documents/Unreal Projects/GamejamAcademia/Content/OneGameMonth/Models/Closet/closet_test_Anim_portaL_portaL_open.uexp" 121
"C:/Users/bakud/Documents/Unreal Projects/GamejamAcademia/Content/OneGameMonth/Models/Closet/closet_test_Anim_portaL_portaR_open.uasset" 122
"C:/Users/bakud/Documents/Unreal Projects/GamejamAcademia/Content/OneGameMonth/Models/Closet/closet_test_Anim_portaL_portaR_open.uexp" 123
"C:/Users/bakud/Documents/Unreal Projects/GamejamAcademia/Content/OneGameMonth/Models/Closet/closet_test_Anim_portaR_portaL_open.uasset" 124
"C:/Users/bakud/Documents/Unreal Projects/GamejamAcademia/Content/OneGameMonth/Models/Closet/closet_test_Anim_portaR_portaL_open.uexp" 125
"C:/Users/bakud/Documents/Unreal Projects/GamejamAcademia/Content/OneGameMonth/Models/Closet/closet_test_Anim_portaR_portaR_open.uasset" 126
"C:/Users/bakud/Documents/Unreal Projects/GamejamAcademia/Content/OneGameMonth/Models/Closet/closet_test_Anim_portaR_portaR_open.uexp" 127
"C:/Users/bakud/Documents/Unreal Projects/GamejamAcademia/Content/OneGameMonth/Models/Walls/opera_ubUpocr6V9.uasset" 128
"C:/Users/bakud/Documents/Unreal Projects/GamejamAcademia/Content/OneGameMonth/Models/Walls/opera_ubUpocr6V9.uexp" 129
"C:/Users/bakud/Documents/Unreal Projects/GamejamAcademia/Content/OneGameMonth/Models/Walls/texture.uasset" 130
"C:/Users/bakud/Documents/Unreal Projects/GamejamAcademia/Content/OneGameMonth/Models/Walls/texture.uexp" 131
"C:/Users/bakud/Documents/Unreal Projects/GamejamAcademia/Content/OneGameMonth/Models/Walls/wall_center.uasset" 132
"C:/Users/bakud/Documents/Unreal Projects/GamejamAcademia/Content/OneGameMonth/Models/Walls/wall_center.uexp" 133
"C:/Users/bakud/Documents/Unreal Projects/GamejamAcademia/Content/OneGameMonth/Models/Walls/wall_corner.uasset" 134
"C:/Users/bakud/Documents/Unreal Projects/GamejamAcademia/Content/OneGameMonth/Models/Walls/wall_corner.uexp" 135
"C:/Users/bakud/Documents/Unreal Projects/GamejamAcademia/Content/OneGameMonth/Texturas/temp/bichopapao-mao-sprite.uasset" 136
"C:/Users/bakud/Documents/Unreal Projects/GamejamAcademia/Content/OneGameMonth/Texturas/temp/bichopapao-mao-sprite.uexp" 137
"C:/Users/bakud/Documents/Unreal Projects/GamejamAcademia/Content/OneGameMonth/Texturas/temp/bichopapao-mao-sprite_Mat.uasset" 138
"C:/Users/bakud/Documents/Unreal Projects/GamejamAcademia/Content/OneGameMonth/Texturas/temp/bichopapao-mao-sprite_Mat.uexp" 139
"C:/Users/bakud/Documents/Unreal Projects/GamejamAcademia/Content/OneGameMonth/Texturas/temp/bichopapao-mao-sprite_Sprite_0.uasset" 140
"C:/Users/bakud/Documents/Unreal Projects/GamejamAcademia/Content/OneGameMonth/Texturas/temp/bichopapao-mao-sprite_Sprite_0.uexp" 141
"C:/Users/bakud/Documents/Unreal Projects/GamejamAcademia/Content/OneGameMonth/Texturas/temp/bichopapao-mao-sprite_Sprite_1.uasset" 142
"C:/Users/bakud/Documents/Unreal Projects/GamejamAcademia/Content/OneGameMonth/Texturas/temp/bichopapao-mao-sprite_Sprite_1.uexp" 143
"C:/Users/bakud/Documents/Unreal Projects/GamejamAcademia/Content/OneGameMonth/Texturas/temp/Itens/chave_isolada2.uasset" 144
"C:/Users/bakud/Documents/Unreal Projects/GamejamAcademia/Content/OneGameMonth/Texturas/temp/Itens/chave_isolada2.uexp" 145
"C:/Users/bakud/Documents/Unreal Projects/GamejamAcademia/Content/OneGameMonth/Texturas/temp/Itens/chave_isolada2_Sprite.uasset" 146
"C:/Users/bakud/Documents/Unreal Projects/GamejamAcademia/Content/OneGameMonth/Texturas/temp/Itens/chave_isolada2_Sprite.uexp" 147
"C:/Users/bakud/Documents/Unreal Projects/GamejamAcademia/Content/OneGameMonth/Texturas/temp/mira.uasset" 148
"C:/Users/bakud/Documents/Unreal Projects/GamejamAcademia/Content/OneGameMonth/Texturas/temp/mira.uexp" 149
"C:/Users/bakud/Documents/Unreal Projects/GamejamAcademia/Content/OneGameMonth/Texturas/temp/mira_Sprite.uasset" 150
"C:/Users/bakud/Documents/Unreal Projects/GamejamAcademia/Content/OneGameMonth/Texturas/temp/mira_Sprite.uexp" 151
"C:/Users/bakud/Documents/Unreal Projects/GamejamAcademia/Content/OneGameMonth/Widgets/WBP_Cursor.uasset" 152
"C:/Users/bakud/Documents/Unreal Projects/GamejamAcademia/Content/OneGameMonth/Widgets/WBP_Cursor.uexp" 153
"C:/Users/bakud/Documents/Unreal Projects/GamejamAcademia/Content/OneGameMonth/Texturas/Inimigos/Ghost/Inimigo_Ghost_Hide_32x32.uasset" 154
"C:/Users/bakud/Documents/Unreal Projects/GamejamAcademia/Content/OneGameMonth/Texturas/Inimigos/Ghost/Inimigo_Ghost_Hide_32x32.uexp" 155
"C:/Users/bakud/Documents/Unreal Projects/GamejamAcademia/Content/Sprites/Inimigos/Ghost/Inimigo_Ghost_Hide_32x32_Sprite.uasset" 156
"C:/Users/bakud/Documents/Unreal Projects/GamejamAcademia/Content/Sprites/Inimigos/Ghost/Inimigo_Ghost_Hide_32x32_Sprite.uexp" 157
"C:/Users/bakud/Documents/Unreal Projects/GamejamAcademia/Content/Sprites/Inimigos/Ghost/Inimigo_Ghost_Hide_32x.uasset" 158
"C:/Users/bakud/Documents/Unreal Projects/GamejamAcademia/Content/Sprites/Inimigos/Ghost/Inimigo_Ghost_Hide_32x.uexp" 159
"../../../Engine/Content/ArtTools/RenderToTexture/Meshes/S_1_Unit_Plane.uasset" 160
"../../../Engine/Content/ArtTools/RenderToTexture/Meshes/S_1_Unit_Plane.uexp" 161
"../../../Engine/Content/EngineMaterials/DefaultMaterial.uasset" 162
"../../../Engine/Content/EngineMaterials/DefaultMaterial.uexp" 163
"../../../Engine/Content/BasicShapes/Cone.uasset" 164
"../../../Engine/Content/BasicShapes/Cone.uexp" 165
"../../../Engine/Content/BasicShapes/Cube.uasset" 166
"../../../Engine/Content/BasicShapes/Cube.uexp" 167
"../../../Engine/Content/BasicShapes/Sphere.uasset" 168
"../../../Engine/Content/BasicShapes/Sphere.uexp" 169
"../../../Engine/Content/EngineDamageTypes/DmgTypeBP_Environmental.uasset" 170
"../../../Engine/Content/EngineDamageTypes/DmgTypeBP_Environmental.uexp" 171
"../../../Engine/Content/EngineDebugMaterials/DebugEditorMaterial.uasset" 172
"../../../Engine/Content/EngineDebugMaterials/DebugEditorMaterial.uexp" 173
"../../../Engine/Content/EngineDebugMaterials/DebugMeshMaterial.uasset" 174
"../../../Engine/Content/EngineDebugMaterials/DebugMeshMaterial.uexp" 175
"../../../Engine/Content/EngineDebugMaterials/M_SimpleUnlitTranslucent.uasset" 176
"../../../Engine/Content/EngineDebugMaterials/M_SimpleUnlitTranslucent.uexp" 177
"../../../Engine/Content/EngineDebugMaterials/VolumeToRender.uasset" 178
"../../../Engine/Content/EngineDebugMaterials/VolumeToRender.uexp" 179
"../../../Engine/Content/Functions/Engine_MaterialFunctions02/Utility/CameraDirectionVector.uasset" 180
"../../../Engine/Content/Functions/Engine_MaterialFunctions02/Utility/CameraDirectionVector.uexp" 181
"../../../Engine/Content/EngineDebugMaterials/M_VolumeRenderSphereTracePP.uasset" 182
"../../../Engine/Content/EngineDebugMaterials/M_VolumeRenderSphereTracePP.uexp" 183
"../../../Engine/Content/Functions/Engine_MaterialFunctions01/Shading/ConvertFromDiffSpec.uasset" 184
"../../../Engine/Content/Functions/Engine_MaterialFunctions01/Shading/ConvertFromDiffSpec.uexp" 185
"../../../Engine/Content/EngineDebugMaterials/VertexColorMaterial.uasset" 186
"../../../Engine/Content/EngineDebugMaterials/VertexColorMaterial.uexp" 187
"../../../Engine/Content/EngineDebugMaterials/WireframeMaterial.uasset" 188
"../../../Engine/Content/EngineDebugMaterials/WireframeMaterial.uexp" 189
"../../../Engine/Content/EngineFonts/Faces/RobotoRegular.uasset" 190
"../../../Engine/Content/EngineFonts/Faces/RobotoRegular.uexp" 191
"../../../Engine/Content/EngineFonts/Faces/RobotoRegular.ufont" 192
"../../../Engine/Content/EngineFonts/Faces/RobotoLight.uasset" 193
"../../../Engine/Content/EngineFonts/Faces/RobotoLight.uexp" 194
"../../../Engine/Content/EngineFonts/Faces/RobotoLight.ufont" 195
"../../../Engine/Content/EngineFonts/Faces/RobotoItalic.uasset" 196
"../../../Engine/Content/EngineFonts/Faces/RobotoItalic.uexp" 197
"../../../Engine/Content/EngineFonts/Faces/RobotoItalic.ufont" 198
"../../../Engine/Content/EngineFonts/Faces/RobotoBoldItalic.uasset" 199
"../../../Engine/Content/EngineFonts/Faces/RobotoBoldItalic.uexp" 200
"../../../Engine/Content/EngineFonts/Faces/RobotoBoldItalic.ufont" 201
"../../../Engine/Content/EngineFonts/Faces/RobotoBold.uasset" 202
"../../../Engine/Content/EngineFonts/Faces/RobotoBold.uexp" 203
"../../../Engine/Content/EngineFonts/Faces/RobotoBold.ufont" 204
"../../../Engine/Content/EngineFonts/Faces/DroidSansFallback.uasset" 205
"../../../Engine/Content/EngineFonts/Faces/DroidSansFallback.uexp" 206
"../../../Engine/Content/EngineFonts/Faces/DroidSansFallback.ufont" 207
"../../../Engine/Content/EngineFonts/Roboto.uasset" 208
"../../../Engine/Content/EngineFonts/Roboto.uexp" 209
"../../../Engine/Content/EngineMaterials/BaseFlattenGrayscaleMap.uasset" 210
"../../../Engine/Content/EngineMaterials/BaseFlattenGrayscaleMap.uexp" 211
"../../../Engine/Content/EngineMaterials/BaseFlattenEmissiveMap.uasset" 212
"../../../Engine/Content/EngineMaterials/BaseFlattenEmissiveMap.uexp" 213
"../../../Engine/Content/EngineMaterials/BaseFlattenDiffuseMap.uasset" 214
"../../../Engine/Content/EngineMaterials/BaseFlattenDiffuseMap.uexp" 215
"../../../Engine/Content/EngineMaterials/BaseFlattenNormalMap.uasset" 216
"../../../Engine/Content/EngineMaterials/BaseFlattenNormalMap.uexp" 217
"../../../Engine/Content/EngineMaterials/BaseFlattenMaterial.uasset" 218
"../../../Engine/Content/EngineMaterials/BaseFlattenMaterial.uexp" 219
"../../../Engine/Content/EngineMaterials/BlueNoise.uasset" 220
"../../../Engine/Content/EngineMaterials/BlueNoise.uexp" 221
"../../../Engine/Content/EngineMaterials/DefaultBloomKernel.uasset" 222
"../../../Engine/Content/EngineMaterials/DefaultBloomKernel.uexp" 223
"../../../Engine/Content/EngineMaterials/DefaultBokeh.uasset" 224
"../../../Engine/Content/EngineMaterials/DefaultBokeh.uexp" 225
"../../../Engine/Content/EngineMaterials/DefaultDiffuse.uasset" 226
"../../../Engine/Content/EngineMaterials/DefaultDiffuse.uexp" 227
"../../../Engine/Content/EngineMaterials/DefaultDiffuse.ubulk" 228
"../../../Engine/Content/EngineMaterials/DefaultDeferredDecalMaterial.uasset" 229
"../../../Engine/Content/EngineMaterials/DefaultDeferredDecalMaterial.uexp" 230
"../../../Engine/Content/EngineMaterials/DefaultLightFunctionMaterial.uasset" 231
"../../../Engine/Content/EngineMaterials/DefaultLightFunctionMaterial.uexp" 232
"../../../Engine/Content/EngineMaterials/DefaultPhysicalMaterial.uasset" 233
"../../../Engine/Content/EngineMaterials/DefaultPhysicalMaterial.uexp" 234
"../../../Engine/Content/Functions/Engine_MaterialFunctions02/Utility/BreakOutFloat2Components.uasset" 235
"../../../Engine/Content/Functions/Engine_MaterialFunctions02/Utility/BreakOutFloat2Components.uexp" 236
"../../../Engine/Content/EngineMaterials/DefaultPostProcessMaterial.uasset" 237
"../../../Engine/Content/EngineMaterials/DefaultPostProcessMaterial.uexp" 238
"../../../Engine/Content/EngineFonts/RobotoDistanceField.uasset" 239
"../../../Engine/Content/EngineFonts/RobotoDistanceField.uexp" 240
"../../../Engine/Content/EngineMaterials/DefaultTextMaterialOpaque.uasset" 241
"../../../Engine/Content/EngineMaterials/DefaultTextMaterialOpaque.uexp" 242
"../../../Engine/Content/EngineMaterials/DefaultWhiteGrid.uasset" 243
"../../../Engine/Content/EngineMaterials/DefaultWhiteGrid.uexp" 244
"../../../Engine/Content/EngineMaterials/DefaultWhiteGrid.ubulk" 245
"../../../Engine/Content/EngineMaterials/DefaultWhiteGrid_Low.uasset" 246
"../../../Engine/Content/EngineMaterials/DefaultWhiteGrid_Low.uexp" 247
"../../../Engine/Content/EngineMaterials/EmissiveMeshMaterial.uasset" 248
"../../../Engine/Content/EngineMaterials/EmissiveMeshMaterial.uexp" 249
"../../../Engine/Content/EngineMaterials/GizmoMaterial.uasset" 250
"../../../Engine/Content/EngineMaterials/GizmoMaterial.uexp" 251
"../../../Engine/Content/EngineMaterials/Good64x64TilingNoiseHighFreq.uasset" 252
"../../../Engine/Content/EngineMaterials/Good64x64TilingNoiseHighFreq.uexp" 253
"../../../Engine/Content/EngineMaterials/MiniFont.uasset" 254
"../../../Engine/Content/EngineMaterials/MiniFont.uexp" 255
"../../../Engine/Content/EngineMaterials/InvalidLightmapSettings.uasset" 256
"../../../Engine/Content/EngineMaterials/InvalidLightmapSettings.uexp" 257
"../../../Engine/Content/EngineMaterials/InvalidLightmapSettings.ubulk" 258
"../../../Engine/Content/EngineMaterials/M_InvalidLightmapSettings.uasset" 259
"../../../Engine/Content/EngineMaterials/M_InvalidLightmapSettings.uexp" 260
"../../../Engine/Content/Functions/Engine_MaterialFunctions02/WorldPositionOffset/CameraOffset.uasset" 261
"../../../Engine/Content/Functions/Engine_MaterialFunctions02/WorldPositionOffset/CameraOffset.uexp" 262
"../../../Engine/Content/EngineMaterials/PhAT_JointLimitMaterial.uasset" 263
"../../../Engine/Content/EngineMaterials/PhAT_JointLimitMaterial.uexp" 264
"../../../Engine/Content/EngineMaterials/DefaultCalibrationColor.uasset" 265
"../../../Engine/Content/EngineMaterials/DefaultCalibrationColor.uexp" 266
"../../../Engine/Content/EngineMaterials/PPM_DefaultCalibrationColor.uasset" 267
"../../../Engine/Content/EngineMaterials/PPM_DefaultCalibrationColor.uexp" 268
"../../../Engine/Content/EngineMaterials/DefaultCalibrationGrayscale.uasset" 269
"../../../Engine/Content/EngineMaterials/DefaultCalibrationGrayscale.uexp" 270
"../../../Engine/Content/EngineMaterials/PPM_DefaultCalibrationGrayscale.uasset" 271
"../../../Engine/Content/EngineMaterials/PPM_DefaultCalibrationGrayscale.uexp" 272
"../../../Engine/Content/EngineMaterials/PreintegratedSkinBRDF.uasset" 273
"../../../Engine/Content/EngineMaterials/PreintegratedSkinBRDF.uexp" 274
"../../../Engine/Content/EngineMaterials/RemoveSurfaceMaterial.uasset" 275
"../../../Engine/Content/EngineMaterials/RemoveSurfaceMaterial.uexp" 276
"../../../Engine/Content/EngineMaterials/WeightMapPlaceholderTexture.uasset" 277
"../../../Engine/Content/EngineMaterials/WeightMapPlaceholderTexture.uexp" 278
"../../../Engine/Content/EngineResources/WhiteSquareTexture.uasset" 279
"../../../Engine/Content/EngineResources/WhiteSquareTexture.uexp" 280
"../../../Engine/Content/EngineMaterials/Widget3DPassThrough.uasset" 281
"../../../Engine/Content/EngineMaterials/Widget3DPassThrough.uexp" 282
"../../../Engine/Content/EngineMaterials/Widget3DPassThrough_Masked.uasset" 283
"../../../Engine/Content/EngineMaterials/Widget3DPassThrough_Masked.uexp" 284
"../../../Engine/Content/EngineMaterials/Widget3DPassThrough_Opaque.uasset" 285
"../../../Engine/Content/EngineMaterials/Widget3DPassThrough_Opaque.uexp" 286
"../../../Engine/Content/EngineMaterials/Widget3DPassThrough_Masked_OneSided.uasset" 287
"../../../Engine/Content/EngineMaterials/Widget3DPassThrough_Masked_OneSided.uexp" 288
"../../../Engine/Content/EngineMaterials/Widget3DPassThrough_Opaque_OneSided.uasset" 289
"../../../Engine/Content/EngineMaterials/Widget3DPassThrough_Opaque_OneSided.uexp" 290
"../../../Engine/Content/EngineMaterials/Widget3DPassThrough_Translucent.uasset" 291
"../../../Engine/Content/EngineMaterials/Widget3DPassThrough_Translucent.uexp" 292
"../../../Engine/Content/EngineMaterials/Widget3DPassThrough_Translucent_OneSided.uasset" 293
"../../../Engine/Content/EngineMaterials/Widget3DPassThrough_Translucent_OneSided.uexp" 294
"../../../Engine/Content/EngineMeshes/Cylinder.uasset" 295
"../../../Engine/Content/EngineMeshes/Cylinder.uexp" 296
"../../../Engine/Content/EngineMeshes/Sphere.uasset" 297
"../../../Engine/Content/EngineMeshes/Sphere.uexp" 298
"../../../Engine/Content/EngineResources/Black.uasset" 299
"../../../Engine/Content/EngineResources/Black.uexp" 300
"../../../Engine/Content/EngineResources/DefaultTexture.uasset" 301
"../../../Engine/Content/EngineResources/DefaultTexture.uexp" 302
"../../../Engine/Content/EngineResources/DefaultTexture.ubulk" 303
"../../../Engine/Content/EngineResources/DefaultTextureCube.uasset" 304
"../../../Engine/Content/EngineResources/DefaultTextureCube.uexp" 305
"../../../Engine/Content/EngineResources/DefaultVolumeTexture2D.uasset" 306
"../../../Engine/Content/EngineResources/DefaultVolumeTexture2D.uexp" 307
"../../../Engine/Content/EngineResources/DefaultVolumeTexture.uasset" 308
"../../../Engine/Content/EngineResources/DefaultVolumeTexture.uexp" 309
"../../../Engine/Content/EngineResources/GradientTexture0.uasset" 310
"../../../Engine/Content/EngineResources/GradientTexture0.uexp" 311
"../../../Engine/Content/EngineSky/VolumetricClouds/T_NoiseShape64.uasset" 312
"../../../Engine/Content/EngineSky/VolumetricClouds/T_NoiseShape64.uexp" 313
"../../../Engine/Content/EngineSky/VolumetricClouds/T_NoiseShape64.ubulk" 314
"../../../Engine/Content/EngineSky/VolumetricClouds/T_VolumeNoiseShape64.uasset" 315
"../../../Engine/Content/EngineSky/VolumetricClouds/T_VolumeNoiseShape64.uexp" 316
"../../../Engine/Content/EngineSky/VolumetricClouds/T_NoiseErosion.uasset" 317
"../../../Engine/Content/EngineSky/VolumetricClouds/T_NoiseErosion.uexp" 318
"../../../Engine/Content/EngineSky/VolumetricClouds/T_NoiseErosion.ubulk" 319
"../../../Engine/Content/EngineSky/VolumetricClouds/T_VolumeNoiseErosion32.uasset" 320
"../../../Engine/Content/EngineSky/VolumetricClouds/T_VolumeNoiseErosion32.uexp" 321
"../../../Engine/Content/EngineSky/VolumetricClouds/CloudWeatherTexture.uasset" 322
"../../../Engine/Content/EngineSky/VolumetricClouds/CloudWeatherTexture.uexp" 323
"../../../Engine/Content/EngineSky/VolumetricClouds/CloudGradientTexture.uasset" 324
"../../../Engine/Content/EngineSky/VolumetricClouds/CloudGradientTexture.uexp" 325
"../../../Engine/Content/Functions/Engine_MaterialFunctions02/Utility/MakeFloat2.uasset" 326
"../../../Engine/Content/Functions/Engine_MaterialFunctions02/Utility/MakeFloat2.uexp" 327
"../../../Engine/Content/EngineSky/VolumetricClouds/m_SimpleVolumetricCloud.uasset" 328
"../../../Engine/Content/EngineSky/VolumetricClouds/m_SimpleVolumetricCloud.uexp" 329
"../../../Engine/Content/EngineSky/VolumetricClouds/m_SimpleVolumetricCloud_Inst.uasset" 330
"../../../Engine/Content/EngineSky/VolumetricClouds/m_SimpleVolumetricCloud_Inst.uexp" 331
"../../../Engine/Content/EngineSounds/Master.uasset" 332
"../../../Engine/Content/EngineSounds/Master.uexp" 333
"../../../Engine/Content/Functions/Engine_MaterialFunctions01/Shading/PowerToRoughness.uasset" 334
"../../../Engine/Content/Functions/Engine_MaterialFunctions01/Shading/PowerToRoughness.uexp" 335
"../../../Engine/Content/Maps/Templates/Thumbnails/Default.uasset" 336
"../../../Engine/Content/Maps/Templates/Thumbnails/Default.uexp" 337
"../../../Engine/Content/Maps/Templates/Thumbnails/TimeOfDay.uasset" 338
"../../../Engine/Content/Maps/Templates/Thumbnails/TimeOfDay.uexp" 339
"../../../Engine/Content/Maps/Templates/Thumbnails/VR-Basic.uasset" 340
"../../../Engine/Content/Maps/Templates/Thumbnails/VR-Basic.uexp" 341
"../../../Engine/Content/MobileResources/T_MobileControls_texture.uasset" 342
"../../../Engine/Content/MobileResources/T_MobileControls_texture.uexp" 343
"../../../Engine/Content/MobileResources/T_MobileMenu2.uasset" 344
"../../../Engine/Content/MobileResources/T_MobileMenu2.uexp" 345
"../../../Engine/Content/MobileResources/HUD/AnalogHat.uasset" 346
"../../../Engine/Content/MobileResources/HUD/AnalogHat.uexp" 347
"../../../Engine/Content/MobileResources/HUD/VirtualJoystick_Thumb.uasset" 348
"../../../Engine/Content/MobileResources/HUD/VirtualJoystick_Thumb.uexp" 349
"../../../Engine/Content/MobileResources/HUD/VirtualJoystick_Background.uasset" 350
"../../../Engine/Content/MobileResources/HUD/VirtualJoystick_Background.uexp" 351
"../../../Engine/Content/MobileResources/HUD/DefaultVirtualJoysticks.uasset" 352
"../../../Engine/Content/MobileResources/HUD/DefaultVirtualJoysticks.uexp" 353
"../../../Engine/Content/MobileResources/HUD/LeftVirtualJoystickOnly.uasset" 354
"../../../Engine/Content/MobileResources/HUD/LeftVirtualJoystickOnly.uexp" 355
"../../../Engine/Content/MobileResources/HUD/MobileHUDButton1_off.uasset" 356
"../../../Engine/Content/MobileResources/HUD/MobileHUDButton1_off.uexp" 357
"../../../Engine/Content/MobileResources/HUD/MobileHUDButton1_on.uasset" 358
"../../../Engine/Content/MobileResources/HUD/MobileHUDButton1_on.uexp" 359
"../../../Engine/Content/MobileResources/HUD/MobileHUDButton2_off.uasset" 360
"../../../Engine/Content/MobileResources/HUD/MobileHUDButton2_off.uexp" 361
"../../../Engine/Content/MobileResources/HUD/MobileHUDButton2_on.uasset" 362
"../../../Engine/Content/MobileResources/HUD/MobileHUDButton2_on.uexp" 363
"../../../Engine/Content/MobileResources/HUD/MobileHUDButton3.uasset" 364
"../../../Engine/Content/MobileResources/HUD/MobileHUDButton3.uexp" 365
"../../../Engine/Content/MobileResources/HUD/MobileHUDButtonFire.uasset" 366
"../../../Engine/Content/MobileResources/HUD/MobileHUDButtonFire.uexp" 367
"../../../Engine/Content/MobileResources/HUD/MobileHUDDirectionPad.uasset" 368
"../../../Engine/Content/MobileResources/HUD/MobileHUDDirectionPad.uexp" 369
"../../../Engine/Content/MobileResources/HUD/MobileHUDDirectionPad2.uasset" 370
"../../../Engine/Content/MobileResources/HUD/MobileHUDDirectionPad2.uexp" 371
"../../../Engine/Content/MobileResources/HUD/MobileHUDDirectionPad3.uasset" 372
"../../../Engine/Content/MobileResources/HUD/MobileHUDDirectionPad3.uexp" 373
"../../../Engine/Content/MobileResources/HUD/MobileHUDDirectionStick.uasset" 374
"../../../Engine/Content/MobileResources/HUD/MobileHUDDirectionStick.uexp" 375
"../../../Engine/Content/MobileResources/HUD/T_Castle_ThumbstickInner.uasset" 376
"../../../Engine/Content/MobileResources/HUD/T_Castle_ThumbstickInner.uexp" 377
"../../../Engine/Content/MobileResources/HUD/T_Castle_ThumbstickOutter.uasset" 378
"../../../Engine/Content/MobileResources/HUD/T_Castle_ThumbstickOutter.uexp" 379
"../../../Engine/Content/Tutorial/ContentIntroCurve.uasset" 380
"../../../Engine/Content/Tutorial/ContentIntroCurve.uexp" 381
"../../../Engine/Content/Tutorial/Basics/TutorialAssets/icon_tab_Levels_40x.uasset" 382
"../../../Engine/Content/Tutorial/Basics/TutorialAssets/icon_tab_Levels_40x.uexp" 383
"../../../Engine/Plugins/2D/Paper2D/Content/PlaceholderTextures/DummySpriteTexture.uasset" 384
"../../../Engine/Plugins/2D/Paper2D/Content/PlaceholderTextures/DummySpriteTexture.uexp" 385
"../../../Engine/Plugins/2D/Paper2D/Content/PlaceholderTextures/DummySpriteTexture.ubulk" 386
"../../../Engine/Plugins/2D/Paper2D/Content/DummySprite.uasset" 387
"../../../Engine/Plugins/2D/Paper2D/Content/DummySprite.uexp" 388
"../../../Engine/Plugins/2D/Paper2D/Content/DefaultPaperTerrainMaterial.uasset" 389
"../../../Engine/Plugins/2D/Paper2D/Content/DefaultPaperTerrainMaterial.uexp" 390
"../../../Engine/Plugins/2D/Paper2D/Content/DefaultSpriteMaterial.uasset" 391
"../../../Engine/Plugins/2D/Paper2D/Content/DefaultSpriteMaterial.uexp" 392
"../../../Engine/Plugins/2D/Paper2D/Content/MaskedUnlitSpriteMaterial.uasset" 393
"../../../Engine/Plugins/2D/Paper2D/Content/MaskedUnlitSpriteMaterial.uexp" 394
"../../../Engine/Plugins/2D/Paper2D/Content/OpaqueUnlitSpriteMaterial.uasset" 395
"../../../Engine/Plugins/2D/Paper2D/Content/OpaqueUnlitSpriteMaterial.uexp" 396
"../../../Engine/Content/Functions/Engine_MaterialFunctions02/Utility/BreakOutFloat3Components.uasset" 397
"../../../Engine/Content/Functions/Engine_MaterialFunctions02/Utility/BreakOutFloat3Components.uexp" 398
"../../../Engine/Content/Functions/Engine_MaterialFunctions02/ObjectLocalBounds.uasset" 399
"../../../Engine/Content/Functions/Engine_MaterialFunctions02/ObjectLocalBounds.uexp" 400
"../../../Engine/Content/Functions/Engine_MaterialFunctions02/Utility/VectorLength.uasset" 401
"../../../Engine/Content/Functions/Engine_MaterialFunctions02/Utility/VectorLength.uexp" 402
"../../../Engine/Content/Functions/Engine_MaterialFunctions02/WorldPositionOffset/ObjectScale.uasset" 403
"../../../Engine/Content/Functions/Engine_MaterialFunctions02/WorldPositionOffset/ObjectScale.uexp" 404
"../../../Engine/Plugins/Editor/SpeedTreeImporter/Content/SpeedTree9/UnpackInteger3.uasset" 405
"../../../Engine/Plugins/Editor/SpeedTreeImporter/Content/SpeedTree9/UnpackInteger3.uexp" 406
"../../../Engine/Plugins/Editor/SpeedTreeImporter/Content/SpeedTree9/UnpackDirection.uasset" 407
"../../../Engine/Plugins/Editor/SpeedTreeImporter/Content/SpeedTree9/UnpackDirection.uexp" 408
"../../../Engine/Plugins/Editor/SpeedTreeImporter/Content/SpeedTree9/game_wind_noise.uasset" 409
"../../../Engine/Plugins/Editor/SpeedTreeImporter/Content/SpeedTree9/game_wind_noise.uexp" 410
"../../../Engine/Plugins/Editor/SpeedTreeImporter/Content/SpeedTree9/game_wind_noise.ubulk" 411
"../../../Engine/Content/Functions/Engine_MaterialFunctions02/SafeNormalize.uasset" 412
"../../../Engine/Content/Functions/Engine_MaterialFunctions02/SafeNormalize.uexp" 413
"../../../Engine/Plugins/Editor/SpeedTreeImporter/Content/SpeedTree9/SpeedTreeWindMotion.uasset" 414
"../../../Engine/Plugins/Editor/SpeedTreeImporter/Content/SpeedTree9/SpeedTreeWindMotion.uexp" 415
"../../../Engine/Plugins/Editor/SpeedTreeImporter/Content/SpeedTree9/SpeedTreeBranchMotion.uasset" 416
"../../../Engine/Plugins/Editor/SpeedTreeImporter/Content/SpeedTree9/SpeedTreeBranchMotion.uexp" 417
"../../../Engine/Content/Functions/Engine_MaterialFunctions02/UVs/BoundingBoxBased_0-1_UVW.uasset" 418
"../../../Engine/Content/Functions/Engine_MaterialFunctions02/UVs/BoundingBoxBased_0-1_UVW.uexp" 419
"../../../Engine/Plugins/Editor/SpeedTreeImporter/Content/SpeedTree9/SpeedTreeWind.uasset" 420
"../../../Engine/Plugins/Editor/SpeedTreeImporter/Content/SpeedTree9/SpeedTreeWind.uexp" 421
"../../../Engine/Plugins/Editor/SpeedTreeImporter/Content/SpeedTree9/SpeedTreeBillboard.uasset" 422
"../../../Engine/Plugins/Editor/SpeedTreeImporter/Content/SpeedTree9/SpeedTreeBillboard.uexp" 423
"../../../Engine/Plugins/Editor/SpeedTreeImporter/Content/SpeedTree9/EmptyNormal.uasset" 424
"../../../Engine/Plugins/Editor/SpeedTreeImporter/Content/SpeedTree9/EmptyNormal.uexp" 425
"../../../Engine/Plugins/Editor/SpeedTreeImporter/Content/SpeedTree9/Empty.uasset" 426
"../../../Engine/Plugins/Editor/SpeedTreeImporter/Content/SpeedTree9/Empty.uexp" 427
"../../../Engine/Plugins/Editor/SpeedTreeImporter/Content/SpeedTree9/SpeedTreeBillboardMaster.uasset" 428
"../../../Engine/Plugins/Editor/SpeedTreeImporter/Content/SpeedTree9/SpeedTreeBillboardMaster.uexp" 429
"../../../Engine/Plugins/Editor/SpeedTreeImporter/Content/SpeedTree9/SpeedTreeCameraFacing.uasset" 430
"../../../Engine/Plugins/Editor/SpeedTreeImporter/Content/SpeedTree9/SpeedTreeCameraFacing.uexp" 431
"../../../Engine/Plugins/Editor/SpeedTreeImporter/Content/SpeedTree9/SpeedTreeMaster.uasset" 432
"../../../Engine/Plugins/Editor/SpeedTreeImporter/Content/SpeedTree9/SpeedTreeMaster.uexp" 433
"../../../Engine/Content/BasicShapes/Cylinder.uasset" 434
"../../../Engine/Content/BasicShapes/Cylinder.uexp" 435
"../../../Engine/Content/ArtTools/RenderToTexture/Materials/Debug/M_Emissive_Color.uasset" 436
"../../../Engine/Content/ArtTools/RenderToTexture/Materials/Debug/M_Emissive_Color.uexp" 437
"../../../Engine/Plugins/Lumin/MagicLeapPassableWorld/Content/MagicLeapARPinInfoActor.uasset" 438
"../../../Engine/Plugins/Lumin/MagicLeapPassableWorld/Content/MagicLeapARPinInfoActor.uexp" 439
"C:/Users/bakud/Documents/Unreal Projects/GamejamAcademia/Content/OneGameMonth/Models/Walls/floor.uasset" 440
"C:/Users/bakud/Documents/Unreal Projects/GamejamAcademia/Content/OneGameMonth/Models/Walls/floor.uexp" 441
"C:/Users/bakud/Documents/Unreal Projects/GamejamAcademia/Content/OneGameMonth/Texturas/Inimigos/Ghost/Inimigo_Ghost_Float_32x32.uasset" 442
"C:/Users/bakud/Documents/Unreal Projects/GamejamAcademia/Content/OneGameMonth/Texturas/Inimigos/Ghost/Inimigo_Ghost_Float_32x32.uexp" 443
"C:/Users/bakud/Documents/Unreal Projects/GamejamAcademia/Content/OneGameMonth/Texturas/Inimigos/Ghost/Inimigo_Ghost_Float_32x32.ubulk" 444
"C:/Users/bakud/Documents/Unreal Projects/GamejamAcademia/Content/Sprites/Inimigos/Ghost/Inimigo_Ghost_Float_32x32_Sprite_7.uasset" 445
"C:/Users/bakud/Documents/Unreal Projects/GamejamAcademia/Content/Sprites/Inimigos/Ghost/Inimigo_Ghost_Float_32x32_Sprite_7.uexp" 446
"C:/Users/bakud/Documents/Unreal Projects/GamejamAcademia/Content/Sprites/Inimigos/Ghost/Inimigo_Ghost_Float_32x32_Sprite_6.uasset" 447
"C:/Users/bakud/Documents/Unreal Projects/GamejamAcademia/Content/Sprites/Inimigos/Ghost/Inimigo_Ghost_Float_32x32_Sprite_6.uexp" 448
"C:/Users/bakud/Documents/Unreal Projects/GamejamAcademia/Content/Sprites/Inimigos/Ghost/Inimigo_Ghost_Float_32x32_Sprite_5.uasset" 449
"C:/Users/bakud/Documents/Unreal Projects/GamejamAcademia/Content/Sprites/Inimigos/Ghost/Inimigo_Ghost_Float_32x32_Sprite_5.uexp" 450
"C:/Users/bakud/Documents/Unreal Projects/GamejamAcademia/Content/Sprites/Inimigos/Ghost/Inimigo_Ghost_Float_32x32_Sprite_4.uasset" 451
"C:/Users/bakud/Documents/Unreal Projects/GamejamAcademia/Content/Sprites/Inimigos/Ghost/Inimigo_Ghost_Float_32x32_Sprite_4.uexp" 452
"C:/Users/bakud/Documents/Unreal Projects/GamejamAcademia/Content/Sprites/Inimigos/Ghost/Inimigo_Ghost_Float_32x32_Sprite_3.uasset" 453
"C:/Users/bakud/Documents/Unreal Projects/GamejamAcademia/Content/Sprites/Inimigos/Ghost/Inimigo_Ghost_Float_32x32_Sprite_3.uexp" 454
"C:/Users/bakud/Documents/Unreal Projects/GamejamAcademia/Content/Sprites/Inimigos/Ghost/Inimigo_Ghost_Float_32x32_Sprite_2.uasset" 455
"C:/Users/bakud/Documents/Unreal Projects/GamejamAcademia/Content/Sprites/Inimigos/Ghost/Inimigo_Ghost_Float_32x32_Sprite_2.uexp" 456
"C:/Users/bakud/Documents/Unreal Projects/GamejamAcademia/Content/Sprites/Inimigos/Ghost/Inimigo_Ghost_Float_32x32_Sprite_1.uasset" 457
"C:/Users/bakud/Documents/Unreal Projects/GamejamAcademia/Content/Sprites/Inimigos/Ghost/Inimigo_Ghost_Float_32x32_Sprite_1.uexp" 458
"C:/Users/bakud/Documents/Unreal Projects/GamejamAcademia/Content/Sprites/Inimigos/Ghost/Inimigo_Ghost_Float_32x32_Sprite_0.uasset" 459
"C:/Users/bakud/Documents/Unreal Projects/GamejamAcademia/Content/Sprites/Inimigos/Ghost/Inimigo_Ghost_Float_32x32_Sprite_0.uexp" 460
"C:/Users/bakud/Documents/Unreal Projects/GamejamAcademia/Content/Sprites/Inimigos/Ghost/Inimigo_Ghost_Float_32x32.uasset" 461
"C:/Users/bakud/Documents/Unreal Projects/GamejamAcademia/Content/Sprites/Inimigos/Ghost/Inimigo_Ghost_Float_32x32.uexp" 462
"C:/Users/bakud/Documents/Unreal Projects/GamejamAcademia/Content/OneGameMonth/Blueprints/Actors/Inimigos/BP_Inimigo.uasset" 463
"C:/Users/bakud/Documents/Unreal Projects/GamejamAcademia/Content/OneGameMonth/Blueprints/Actors/Inimigos/BP_Inimigo.uexp" 464
"C:/Users/bakud/Documents/Unreal Projects/GamejamAcademia/Content/OneGameMonth/Blueprints/Actors/Inimigos/AI_Controller.uasset" 465
"C:/Users/bakud/Documents/Unreal Projects/GamejamAcademia/Content/OneGameMonth/Blueprints/Actors/Inimigos/AI_Controller.uexp" 466
"C:/Users/bakud/Documents/Unreal Projects/GamejamAcademia/Content/OneGameMonth/Blueprints/Actors/Inimigos/BP_Inimigo_Ghost.uasset" 467
"C:/Users/bakud/Documents/Unreal Projects/GamejamAcademia/Content/OneGameMonth/Blueprints/Actors/Inimigos/BP_Inimigo_Ghost.uexp" 468
"C:/Users/bakud/Documents/Unreal Projects/GamejamAcademia/Content/OneGameMonth/Texturas/temp/carta.uasset" 469
"C:/Users/bakud/Documents/Unreal Projects/GamejamAcademia/Content/OneGameMonth/Texturas/temp/carta.uexp" 470
"C:/Users/bakud/Documents/Unreal Projects/GamejamAcademia/Content/OneGameMonth/Texturas/temp/carta_Sprite.uasset" 471
"C:/Users/bakud/Documents/Unreal Projects/GamejamAcademia/Content/OneGameMonth/Texturas/temp/carta_Sprite.uexp" 472
"C:/Users/bakud/Documents/Unreal Projects/GamejamAcademia/Content/OneGameMonth/Blueprints/Actors/BP_Carta.uasset" 473
"C:/Users/bakud/Documents/Unreal Projects/GamejamAcademia/Content/OneGameMonth/Blueprints/Actors/BP_Carta.uexp" 474
"C:/Users/bakud/Documents/Unreal Projects/GamejamAcademia/Content/OneGameMonth/Levels/L_Core_Gameplay.uexp" 475
"C:/Users/bakud/Documents/Unreal Projects/GamejamAcademia/Content/OneGameMonth/Levels/L_Core_Gameplay.umap" 476
"C:/Users/bakud/Documents/Unreal Projects/GamejamAcademia/Content/OneGameMonth/Texturas/temp/opera_4Trxx5hLml.uasset" 477
"C:/Users/bakud/Documents/Unreal Projects/GamejamAcademia/Content/OneGameMonth/Texturas/temp/opera_4Trxx5hLml.uexp" 478
"C:/Users/bakud/Documents/Unreal Projects/GamejamAcademia/Content/OneGameMonth/Widgets/WBP_GameOver.uasset" 479
"C:/Users/bakud/Documents/Unreal Projects/GamejamAcademia/Content/OneGameMonth/Widgets/WBP_GameOver.uexp" 480
"C:/Users/bakud/Documents/Unreal Projects/GamejamAcademia/Content/OneGameMonth/Blueprints/Frameworks/GM_Menuinicial.uasset" 481
"C:/Users/bakud/Documents/Unreal Projects/GamejamAcademia/Content/OneGameMonth/Blueprints/Frameworks/GM_Menuinicial.uexp" 482
"C:/Users/bakud/Documents/Unreal Projects/GamejamAcademia/Content/OneGameMonth/Levels/L_GameOver.uexp" 483
"C:/Users/bakud/Documents/Unreal Projects/GamejamAcademia/Content/OneGameMonth/Levels/L_GameOver.umap" 484
"C:/Users/bakud/Documents/Unreal Projects/GamejamAcademia/Content/OneGameMonth/Widgets/WBP_MenuInicial.uasset" 485
"C:/Users/bakud/Documents/Unreal Projects/GamejamAcademia/Content/OneGameMonth/Widgets/WBP_MenuInicial.uexp" 486
"C:/Users/bakud/Documents/Unreal Projects/GamejamAcademia/Content/OneGameMonth/Levels/L_MenuInicial.uexp" 487
"C:/Users/bakud/Documents/Unreal Projects/GamejamAcademia/Content/OneGameMonth/Levels/L_MenuInicial.umap" 488
"C:/Users/bakud/Documents/Unreal Projects/GamejamAcademia/Content/OneGameMonth/Models/Walls/SM_Wall_Teste.uasset" 489
"C:/Users/bakud/Documents/Unreal Projects/GamejamAcademia/Content/OneGameMonth/Models/Walls/SM_Wall_Teste.uexp" 490
"C:/Users/bakud/Documents/Unreal Projects/GamejamAcademia/Content/OneGameMonth/Materials/M_Wall.uasset" 491
"C:/Users/bakud/Documents/Unreal Projects/GamejamAcademia/Content/OneGameMonth/Materials/M_Wall.uexp" 492
"C:/Users/bakud/Documents/Unreal Projects/GamejamAcademia/Content/OneGameMonth/Materials/M_Wall_Inst.uasset" 493
"C:/Users/bakud/Documents/Unreal Projects/GamejamAcademia/Content/OneGameMonth/Materials/M_Wall_Inst.uexp" 494
"C:/Users/bakud/Documents/Unreal Projects/GamejamAcademia/Content/OneGameMonth/Levels/L_SafeRoom.uexp" 495
"C:/Users/bakud/Documents/Unreal Projects/GamejamAcademia/Content/OneGameMonth/Levels/L_SafeRoom.umap" 496
"../../../Engine/Content/Maps/Entry_BuiltData.uasset" 497
"../../../Engine/Content/Maps/Entry_BuiltData.uexp" 498
"../../../Engine/Content/Maps/Entry.uexp" 499
"../../../Engine/Content/Maps/Entry.umap" 500
